make all --print-data-base --no-builtin-variables --no-builtin-rules --question
# GNU Make 3.81
# Copyright (C) 2006  Free Software Foundation, Inc.
# This is free software; see the source for copying conditions.
# There is NO warranty; not even for MERCHANTABILITY or FITNESS FOR A
# PARTICULAR PURPOSE.

# This program built for i386-apple-darwin11.3.0
 

# Make data base, printed on Sat Jul 23 04:08:09 2022

# Variables

# automatic
<D = $(patsubst %/,%,$(dir $<))
# automatic
?F = $(notdir $?)
# automatic
?D = $(patsubst %/,%,$(dir $?))
# automatic
@D = $(patsubst %/,%,$(dir $@))
# automatic
@F = $(notdir $@)
# makefile
CURDIR := /Users/yuran653/projects/minishell/minishell_work
# makefile
SHELL = /bin/sh
# makefile (from `Makefile', line 35)
 
RM = rm -rf
# environment
VSCODE_NLS_CONFIG = {"locale":"en-us","availableLanguages":{},"_languagePackSupport":true}
# environment
_ = /usr/bin/make
# makefile (from `Makefile', line 20)
CFLAGS := -Wall -Wextra -Werror -g -fPIE
# makefile (from `Makefile', line 1)
MAKEFILE_LIST :=  Makefile
# makefile (from `Makefile', line 31)
SOURCES := parser/parser.c sources/cd.c sources/init.c sources/env.c sources/history.c sources/free_utils.c sources/error.c gnl/get_next_line.c gnl/get_next_line_utils.c main.c
# makefile (from `Makefile', line 16)
BUILDDIR := object
# environment
__CFBundleIdentifier = com.microsoft.VSCode
# environment
VSCODE_CWD = /
# environment
PATH = /usr/local/bin:/usr/bin:/bin:/usr/sbin:/sbin
# makefile (from `Makefile', line 39)
END = "\033[0m"
# environment
LaunchInstanceID = 8E2CC381-6361-4942-BB2A-3EAB4472CFA3
# environment
ELECTRON_RUN_AS_NODE = 1
# makefile (from `Makefile', line 22)
LIB := libft/libft.a
# default
.FEATURES := target-specific order-only second-expansion else-if archives jobserver check-symlink
# makefile (from `Makefile', line 25)
EXECUTE_SRC = cd.c	init.c		env.c	history.c	free_utils.c	error.c
# environment
SSH_AUTH_SOCK = /private/tmp/com.apple.launchd.WSS20tyPTT/Listeners
# automatic
%F = $(notdir $%)
# environment
PWD = /Users/yuran653/projects/minishell/minishell_work
# environment
ORIGINAL_XDG_CURRENT_DESKTOP = undefined
# makefile (from `Makefile', line 38)
GREEN = "\033[1;32m"
# environment
VSCODE_AMD_ENTRYPOINT = vs/workbench/api/node/extensionHostProcess
# environment
HOME = /Users/yuran653
# default
MAKEFILEPATH = $(shell /usr/bin/xcode-select -print-path 2>/dev/null || echo /Developer)/Makefiles
# environment
VSCODE_CODE_CACHE_PATH = /Users/yuran653/Library/Application Support/Code/CachedData/92d25e35d9bf1a6b16f7d0758f25d48ace11e5b9
# environment
LOGNAME = yuran653
# environment
APPLICATION_INSIGHTS_NO_DIAGNOSTIC_CHANNEL = true
# environment
VSCODE_HANDLES_UNCAUGHT_ERRORS = true
# automatic
^D = $(patsubst %/,%,$(dir $^))
# environment
XPC_FLAGS = 0x0
# default
MAKE = $(MAKE_COMMAND)
# default
MAKECMDGOALS := all
# environment
SHLVL = 1
# makefile (from `Makefile', line 19)
CC := gcc
# default
MAKE_VERSION := 3.81
# environment
USER = yuran653
# makefile
.DEFAULT_GOAL := all
# makefile (from `Makefile', line 13)
NAME = minishell
# automatic
%D = $(patsubst %/,%,$(dir $%))
# makefile (from `Makefile', line 23)
LFLAGS := -ltermcap -lreadline
# default
MAKE_COMMAND := /Library/Developer/CommandLineTools/usr/bin/make
# makefile (from `Makefile', line 17)
INC := -I./includes/ -I./gnl/ -I./libft/
# makefile (from `Makefile', line 27)
PARSER_SRC = parser.c
# default
.VARIABLES := 
# environment
TMPDIR = /var/folders/rf/nqbbwv015n3cx46t7t58lbn40000gn/T/
# automatic
*F = $(notdir $*)
# environment
VSCODE_IPC_HOOK = /Users/yuran653/Library/Application Support/Code/1.69.0-main.sock
# environment
MallocNanoZone = 0
# makefile
MAKEFLAGS = Rrqp
# environment
MFLAGS = -Rrqp
# automatic
*D = $(patsubst %/,%,$(dir $*))
# environment
XPC_SERVICE_NAME = application.com.microsoft.VSCode.72573.72579
# automatic
+D = $(patsubst %/,%,$(dir $+))
# makefile (from `Makefile', line 37)
YELLOW = "\033[1;33m"
# automatic
+F = $(notdir $+)
# makefile (from `Makefile', line 29)
GNL_SRC = get_next_line.c			get_next_line_utils.c
# environment
__CF_USER_TEXT_ENCODING = 0x1F5:0x0:0x0
# environment
COMMAND_MODE = unix2003
# default
MAKEFILES := 
# automatic
<F = $(notdir $<)
# environment
LC_ALL = C
# makefile (from `Makefile', line 15)
HEADER := ./includes/minishell.h ./gnl/get_next_line.h ./libft/libft.h
# environment
SECURITYSESSIONID = 186a6
# automatic
^F = $(notdir $^)
# default
SUFFIXES := 
 
# default
.INCLUDE_DIRS = /usr/local/include
# makefile (from `Makefile', line 33)
D_FILES := object/parser/parser.d object/sources/cd.d object/sources/init.d object/sources/env.d object/sources/history.d object/sources/free_utils.d object/sources/error.d object/gnl/get_next_line.d object/gnl/get_next_line_utils.d object/main.d
# environment
MAKELEVEL := 0
# makefile (from `Makefile', line 32)
OBJECTS := object/parser/parser.o object/sources/cd.o object/sources/init.o object/sources/env.o object/sources/history.o object/sources/free_utils.o object/sources/error.o object/gnl/get_next_line.o object/gnl/get_next_line_utils.o object/main.o
# environment
LANG = C
# environment
VSCODE_PID = 454
# variable set hash-table stats:
# Load=78/1024=8%, Rehash=0, Collisions=2/114=2%

# Pattern-specific Variable Values

# No pattern-specific variable values.

# Directories

# . (device 16777224, inode 904125): 14 files, no impossibilities.
# sources (device 16777224, inode 904248): 8 files, no impossibilities so far.
# parser (device 16777224, inode 904246): 3 files, no impossibilities so far.
# includes (device 16777224, inode 904205): 3 files, no impossibilities so far.
# gnl (device 16777224, inode 904201): 5 files, no impossibilities so far.
# libft (device 16777224, inode 904207): 44 files, no impossibilities so far.

# 77 files, no impossibilities in 6 directories.

# Implicit Rules

object/%.o: ./%.c ./includes/minishell.h ./gnl/get_next_line.h ./libft/libft.h
#  commands to execute (from `Makefile', line 51):
	mkdir -p $(@D)
	$(CC) $(CFLAGS) $(INC) -g -c -o $@ $< -MD
	

# 1 implicit rules, 0 (0.0%) terminal.

# Files

object/sources/history.o: sources/history.c includes/minishell.h gnl/get_next_line.h libft/libft.h
#  Implicit rule search has been done.
#  Implicit/static pattern stem: `sources/history'
#  Last modified 2022-07-23 04:07:28
#  File has been updated.
#  Successfully updated.
# variable set hash-table stats:
# Load=0/32=0%, Rehash=0, Collisions=0/0=0%
#  commands to execute (from `Makefile', line 51):
	mkdir -p $(@D)
	$(CC) $(CFLAGS) $(INC) -g -c -o $@ $< -MD
	

# Not a target:
sources/cd.c:
#  Implicit rule search has been done.
#  Last modified 2022-07-23 03:57:11
#  File has been updated.
#  Successfully updated.
# variable set hash-table stats:
# Load=0/32=0%, Rehash=0, Collisions=0/0=0%

all: minishell
#  Phony target (prerequisite of .PHONY).
#  Command-line target.
#  Implicit rule search has not been done.
#  File does not exist.
#  File has been updated.
#  Successfully updated.
# variable set hash-table stats:
# Load=0/32=0%, Rehash=0, Collisions=0/0=0%

# Not a target:
gnl/get_next_line.c:
#  Implicit rule search has been done.
#  Last modified 2022-07-23 03:57:11
#  File has been updated.
#  Successfully updated.
# variable set hash-table stats:
# Load=0/32=0%, Rehash=0, Collisions=0/0=0%

.PHONY: all clean fclean re norm
#  Implicit rule search has not been done.
#  Modification time never checked.
#  File has not been updated.

# Not a target:
main.c:
#  Implicit rule search has been done.
#  Last modified 2022-07-23 03:57:11
#  File has been updated.
#  Successfully updated.
# variable set hash-table stats:
# Load=0/32=0%, Rehash=0, Collisions=0/0=0%

object/sources/cd.o: sources/cd.c includes/minishell.h gnl/get_next_line.h libft/libft.h
#  Implicit rule search has been done.
#  Implicit/static pattern stem: `sources/cd'
#  Last modified 2022-07-23 03:59:21
#  File has been updated.
#  Successfully updated.
# variable set hash-table stats:
# Load=0/32=0%, Rehash=0, Collisions=0/0=0%
#  commands to execute (from `Makefile', line 51):
	mkdir -p $(@D)
	$(CC) $(CFLAGS) $(INC) -g -c -o $@ $< -MD
	

object/parser/parser.o: parser/parser.c includes/minishell.h gnl/get_next_line.h libft/libft.h
#  Implicit rule search has been done.
#  Implicit/static pattern stem: `parser/parser'
#  Last modified 2022-07-23 03:59:21
#  File has been updated.
#  Successfully updated.
# variable set hash-table stats:
# Load=0/32=0%, Rehash=0, Collisions=0/0=0%
#  commands to execute (from `Makefile', line 51):
 
	mkdir -p $(@D)
	$(CC) $(CFLAGS) $(INC) -g -c -o $@ $< -MD
	

# Not a target:
.SUFFIXES:
#  Implicit rule search has not been done.
#  Modification time never checked.
#  File has not been updated.

# Not a target:
gnl/get_next_line.h:
#  Implicit rule search has been done.
#  Last modified 2022-07-23 03:57:11
#  File has been updated.
#  Successfully updated.
# variable set hash-table stats:
# Load=0/32=0%, Rehash=0, Collisions=0/0=0%

# Not a target:
Makefile:
#  Implicit rule search has been done.
#  Last modified 2022-07-23 03:57:11
#  File has been updated.
#  Successfully updated.
# variable set hash-table stats:
# Load=0/32=0%, Rehash=0, Collisions=0/0=0%

# Not a target:
sources/init.c:
#  Implicit rule search has been done.
#  Last modified 2022-07-23 03:57:11
#  File has been updated.
#  Successfully updated.
# variable set hash-table stats:
# Load=0/32=0%, Rehash=0, Collisions=0/0=0%

object/gnl/get_next_line_utils.o: gnl/get_next_line_utils.c includes/minishell.h gnl/get_next_line.h libft/libft.h
#  Implicit rule search has been done.
#  Implicit/static pattern stem: `gnl/get_next_line_utils'
#  Last modified 2022-07-23 03:59:21
#  File has been updated.
#  Successfully updated.
# variable set hash-table stats:
# Load=0/32=0%, Rehash=0, Collisions=0/0=0%
#  commands to execute (from `Makefile', line 51):
	mkdir -p $(@D)
	$(CC) $(CFLAGS) $(INC) -g -c -o $@ $< -MD
	

object/sources/init.o: sources/init.c includes/minishell.h gnl/get_next_line.h libft/libft.h
#  Implicit rule search has been done.
#  Implicit/static pattern stem: `sources/init'
#  Last modified 2022-07-23 03:59:21
#  File has been updated.
#  Successfully updated.
# variable set hash-table stats:
# Load=0/32=0%, Rehash=0, Collisions=0/0=0%
#  commands to execute (from `Makefile', line 51):
	mkdir -p $(@D)
	$(CC) $(CFLAGS) $(INC) -g -c -o $@ $< -MD
	

minishell: object/parser/parser.o object/sources/cd.o object/sources/init.o object/sources/env.o object/sources/history.o object/sources/free_utils.o object/sources/error.o object/gnl/get_next_line.o object/gnl/get_next_line_utils.o object/main.o
#  Implicit rule search has not been done.
#  Last modified 2022-07-23 04:07:28
#  File has been updated.
#  Successfully updated.
# variable set hash-table stats:
# Load=0/32=0%, Rehash=0, Collisions=0/0=0%
#  commands to execute (from `Makefile', line 46):
	$(MAKE) -C $(dir $(LIB))
	$(CC) $^ -o $(NAME) $(LIB) $(LFLAGS)
	@echo ${GREEN} "\n\tMinishell is compiled\n" ${END}
	

# Not a target:
parser/parser.c:
#  Implicit rule search has been done.
#  Last modified 2022-07-23 03:57:11
#  File has been updated.
#  Successfully updated.
# variable set hash-table stats:
# Load=0/32=0%, Rehash=0, Collisions=0/0=0%

fclean: clean
#  Phony target (prerequisite of .PHONY).
#  Implicit rule search has not been done.
#  File does not exist.
#  File has not been updated.
#  commands to execute (from `Makefile', line 60):
	@$(MAKE) -C ./libft/ fclean
	@$(RM) $(NAME)
	@echo ${YELLOW} "\n\tMinishell 'fclean' status: DONE\n" ${END}
	

# Not a target:
sources/env.c:
#  Implicit rule search has been done.
#  Last modified 2022-07-23 03:57:11
#  File has been updated.
#  Successfully updated.
# variable set hash-table stats:
# Load=0/32=0%, Rehash=0, Collisions=0/0=0%

norm:
#  Phony target (prerequisite of .PHONY).
#  Implicit rule search has not been done.
#  File does not exist.
#  File has not been updated.
#  commands to execute (from `Makefile', line 67):
	@norminette *.c *.h
	

# Not a target:
.DEFAULT:
#  Implicit rule search has not been done.
#  Modification time never checked.
#  File has not been updated.

object/sources/env.o: sources/env.c includes/minishell.h gnl/get_next_line.h libft/libft.h
#  Implicit rule search has been done.
#  Implicit/static pattern stem: `sources/env'
#  Last modified 2022-07-23 03:59:21
#  File has been updated.
#  Successfully updated.
# variable set hash-table stats:
# Load=0/32=0%, Rehash=0, Collisions=0/0=0%
#  commands to execute (from `Makefile', line 51):
	mkdir -p $(@D)
	$(CC) $(CFLAGS) $(INC) -g -c -o $@ $< -MD
	

re: fclean all
#  Phony target (prerequisite of .PHONY).
#  Implicit rule search has not been done.
#  File does not exist.
#  File has not been updated.

clean:
#  Phony target (prerequisite of .PHONY).
#  Implicit rule search has not been done.
#  File does not exist.
#  File has not been updated.
#  commands to execute (from `Makefile', line 55):
	@$(MAKE) -C ./libft/ clean
	@$(RM) $(BUILDDIR)
	@echo ${YELLOW} "\n\tMinishell 'clean' status: DONE\n" ${END}
	

object/gnl/get_next_line.o: gnl/get_next_line.c includes/minishell.h gnl/get_next_line.h libft/libft.h
#  Implicit rule search has been done.
#  Implicit/static pattern stem: `gnl/get_next_line'
#  Last modified 2022-07-23 03:59:21
#  File has been updated.
#  Successfully updated.
# variable set hash-table stats:
 
# Load=0/32=0%, Rehash=0, Collisions=0/0=0%
#  commands to execute (from `Makefile', line 51):
	mkdir -p $(@D)
	$(CC) $(CFLAGS) $(INC) -g -c -o $@ $< -MD
	

# Not a target:
gnl/get_next_line_utils.c:
#  Implicit rule search has been done.
#  Last modified 2022-07-23 03:57:11
#  File has been updated.
#  Successfully updated.
# variable set hash-table stats:
# Load=0/32=0%, Rehash=0, Collisions=0/0=0%

# Not a target:
sources/free_utils.c:
#  Implicit rule search has been done.
#  Last modified 2022-07-23 03:57:11
#  File has been updated.
#  Successfully updated.
# variable set hash-table stats:
# Load=0/32=0%, Rehash=0, Collisions=0/0=0%

# Not a target:
libft/libft.h:
#  Implicit rule search has been done.
#  Last modified 2022-07-23 03:57:11
#  File has been updated.
#  Successfully updated.
# variable set hash-table stats:
# Load=0/32=0%, Rehash=0, Collisions=0/0=0%

# Not a target:
sources/error.c:
#  Implicit rule search has been done.
#  Last modified 2022-07-23 04:02:46
#  File has been updated.
#  Successfully updated.
# variable set hash-table stats:
# Load=0/32=0%, Rehash=0, Collisions=0/0=0%

# Not a target:
includes/minishell.h:
#  Implicit rule search has been done.
#  Last modified 2022-07-23 03:57:11
#  File has been updated.
#  Successfully updated.
# variable set hash-table stats:
# Load=0/32=0%, Rehash=0, Collisions=0/0=0%

object/main.o: main.c includes/minishell.h gnl/get_next_line.h libft/libft.h
#  Implicit rule search has been done.
#  Implicit/static pattern stem: `main'
#  Last modified 2022-07-23 03:59:22
#  File has been updated.
#  Successfully updated.
# variable set hash-table stats:
# Load=0/32=0%, Rehash=0, Collisions=0/0=0%
#  commands to execute (from `Makefile', line 51):
	mkdir -p $(@D)
	$(CC) $(CFLAGS) $(INC) -g -c -o $@ $< -MD
	

object/sources/free_utils.o: sources/free_utils.c includes/minishell.h gnl/get_next_line.h libft/libft.h
#  Implicit rule search has been done.
#  Implicit/static pattern stem: `sources/free_utils'
#  Last modified 2022-07-23 03:59:21
#  File has been updated.
#  Successfully updated.
# variable set hash-table stats:
# Load=0/32=0%, Rehash=0, Collisions=0/0=0%
#  commands to execute (from `Makefile', line 51):
	mkdir -p $(@D)
	$(CC) $(CFLAGS) $(INC) -g -c -o $@ $< -MD
	

# Not a target:
sources/history.c:
#  Implicit rule search has been done.
#  Last modified 2022-07-23 04:07:19
#  File has been updated.
#  Successfully updated.
# variable set hash-table stats:
# Load=0/32=0%, Rehash=0, Collisions=0/0=0%

object/sources/error.o: sources/error.c includes/minishell.h gnl/get_next_line.h libft/libft.h
#  Implicit rule search has been done.
#  Implicit/static pattern stem: `sources/error'
#  Last modified 2022-07-23 04:07:28
#  File has been updated.
#  Successfully updated.
# variable set hash-table stats:
# Load=0/32=0%, Rehash=0, Collisions=0/0=0%
#  commands to execute (from `Makefile', line 51):
	mkdir -p $(@D)
	$(CC) $(CFLAGS) $(INC) -g -c -o $@ $< -MD
	

# files hash-table stats:
# Load=33/1024=3%, Rehash=0, Collisions=0/155=0%
# VPATH Search Paths

# No `vpath' search paths.

# No general (`VPATH' variable) search path.

# # of strings in strcache: 1
# # of strcache buffers: 1
# strcache size: total = 4096 / max = 4096 / min = 4096 / avg = 4096
# strcache free: total = 4087 / max = 4087 / min = 4087 / avg = 4087

# Finished Make data base on Sat Jul 23 04:08:09 2022

 
